<?xml version="1.0" encoding="UTF-8"?>
<beans xmlns="http://www.springframework.org/schema/beans"
       xmlns:xsi="http://www.w3.org/2001/XMLSchema-instance"
       xsi:schemaLocation="http://www.springframework.org/schema/beans http://www.springframework.org/schema/beans/spring-beans.xsd">
    
    <bean id="DataSourceMock" class="ca.bc.gov.health.tap.load.DataSourceMock" />


    <bean id="loadFacade" class="ca.bc.gov.health.tap.load.LoadFacadeMock">
        <property name="ds" ref="DataSourceMock" />
    </bean>
    
    <bean id="sftpClientMock" class="ca.bc.gov.health.tap.load.SftpClientMock" />
    
    <bean id="ServletContextMock" class="ca.bc.gov.health.tap.load.ServletContextMock" />

    <bean id="loadProcess" class="ca.bc.gov.health.tap.load.LoadProcess">
        <constructor-arg ref="loadFacade" />
        <constructor-arg ref="sftpClientMock" />
        <constructor-arg value="100" />
        <constructor-arg ref="ServletContextMock" />
    </bean>

</beans>
