<?xml version="1.0" encoding="UTF-8"?>
<PRPM_IN303010 xmlns="urn:hl7-org:v3" xmlns:mif="urn:hl7-org:v3/mif" xmlns:xsi="http://www.w3.org/2001/XMLSchema-instance" xsi:schemaLocation="urn:hl7-org:v3 C:\Users\Conrad.Gustafson.CA257_MOH\Documents\PLR\HL7BatchJaxb\hl7v3_4.0.4\PRPM_IN303010.xsd">
			<id root="2.16.840.1.113883.3.40.1.5" extension="123343"/>
			<creationTime value="20081120180926"/>
			<versionCode code="V3PR2"/>
			<interactionId root="2.16.840.1.113883.3.40.1.15" extension="PRPM_IN303010"/>
			<processingCode code="P"/>
			<processingModeCode code="T"/>
			<responseModeCode code="I"/>
			<acceptAckCode code="ER"/>
			<receiver typeCode="RCV">
				<telecom value="www.crnbc.ca"/>
				<device classCode="DEV" determinerCode="INSTANCE">
					<id root="2.16.840.1.113883.3.40.1.14" extension="TEST1"/>
					<id root="2.16.840.1.113883.3.40.5.1" extension="BC01000001"/>
					<name>BCPRSSRV</name>
					<agencyFor classCode="AGNT">
						<representedOrganization classCode="ORG" determinerCode="INSTANCE">
							<id root="2.16.840.1.113883.3.40.4.1" extension="moh.hnet.bc.ca"/>
						</representedOrganization>
					</agencyFor>
				</device>
			</receiver>
			<sender typeCode="SND">
				<telecom value="www.crnbc.ca"/>
				<device classCode="DEV" determinerCode="INSTANCE">
					<id root="2.16.840.1.113883.3.40.5.2" extension="BC010000096"/>
					<name>BCPRSCLNT</name>
					<agencyFor classCode="AGNT">
						<representedOrganization classCode="ORG" determinerCode="INSTANCE">
							<id root="2.16.840.1.113883.3.40.4.2" extension="00002855"/>
							<name>BC</name>
						</representedOrganization>
					</agencyFor>
				</device>
			</sender>
			<controlActProcess moodCode="EVN">
				<effectiveTime nullFlavor="UNK"/>
				<priorityCode code="R"/>
				<authorOrPerformer typeCode="PRF">
					<assignedPerson classCode="ASSIGNED">
						<id root="2.16.840.1.113883.3.40.6.2" extension="RNA"/>
						<representedOrganization classCode="ORG" determinerCode="INSTANCE">
							<id/>
							<name>BC</name>
						</representedOrganization>
					</assignedPerson>
				</authorOrPerformer>
				<authorOrPerformer typeCode="AUT">
					<assignedPerson classCode="ASSIGNED">
						<id root="2.16.840.1.113883.3.40.6.1" extension="RNA"/>
						<representedOrganization classCode="ORG" determinerCode="INSTANCE">
							<id/>
							<name>BC</name>
						</representedOrganization>
					</assignedPerson>
				</authorOrPerformer>
				<informationRecipient typeCode="PRCP">
					<assignedPerson classCode="ASSIGNED">
						<representedOrganization classCode="ORG" determinerCode="INSTANCE">
							<id/>
							<name>BC</name>
						</representedOrganization>
					</assignedPerson>
				</informationRecipient>
				<reasonOf typeCode="RSON">
					<justifiedDetectedIssueEvent classCode="ALRT" moodCode="EVN">
						<code/>
						<mitigatedBy typeCode="MITGT">
							<mitigatingDetectedIssueManagement moodCode="EVN">
								<code code="OVRD"/>
							</mitigatingDetectedIssueManagement>
						</mitigatedBy>
					</justifiedDetectedIssueEvent>
				</reasonOf>
				<subject typeCode="SUBJ">
					<registrationEvent classCode="REG" moodCode="EVN">
						<id/>
						<statusCode/>
						<author typeCode="AUT">
							<assignedEntity classCode="ASSIGNED">
								<id root="2.16.840.1.113883.3.40.3.3" extension="00002855"/>
							</assignedEntity>
						</author>
						<custodian typeCode="CST">
							<assignedEntity classCode="ASSIGNED">
								<id/>
							</assignedEntity>
						</custodian>
						<subject1 typeCode="SBJ">
							<healthCareProvider classCode="PROV">
								<id root="2.16.840.1.113883.3.40.2.19" extension="123343">
									<controlActReferenceId root="2.16.840.1.113883.3.40.1.12" extension="1"/>
									<validTime xsi:type="IVL_TS">
										<low value="19501120000000"/>
									</validTime>
								</id>
								<code codeSystemName="WHICProviderType" code="RN"/>
								<addr use="PST WP" updateMode="C">
									<city>Vancouver</city>
									<country>CA</country>
									<postalCode>V5Z 2M9</postalCode>
									<state>BC</state>
									<streetAddressLine>1221 Main St</streetAddressLine>
									<streetAddressLine/>
									<streetAddressLine/>
									<streetAddressLine/>
									<controlActReferenceId root="2.16.840.1.113883.3.40.1.12" extension="2"/>
									<validTime xsi:type="IVL_TS">
										<low value="20090430175300"/>
									</validTime>
								</addr>
								<statusCode updateMode="C" code="TERMINATED">
									<controlActReferenceId root="2.16.840.1.113883.3.40.1.12" extension="6"/>
									<validTime xsi:type="IVL_TS">
										<low value="20090430175300"/>
									</validTime>
								</statusCode>
								<healthCarePrincipalPerson determinerCode="INSTANCE" classCode="PSN">
									<name use="L" updateMode="C">
										<family>Bowering</family>
										<given>Eva</given>
										<given>M.</given>
										<prefix>Ms.</prefix>
										<suffix/>
										<validTime xsi:type="IVL_TS">
											<low value="20081120170500"/>
										</validTime>
										<controlActReferenceId root="2.16.840.1.113883.3.40.1.12" extension="7"/>
									</name>
									<administrativeGenderCode updateMode="C" code="F">
										<controlActReferenceId root="2.16.840.1.113883.3.40.1.12" extension="8"/>
										<validTime xsi:type="IVL_TS">
											<low value="20081120170528"/>
										</validTime>
									</administrativeGenderCode>
									<birthTime updateMode="C" value="19280422000000">
										<controlActReferenceId root="2.16.840.1.113883.3.40.1.12" extension="9"/>
										<validTime xsi:type="IVL_TS">
											<low value="20081120170528"/>
										</validTime>
									</birthTime>
									<birthplace updateMode="C" classCode="BIRTHPL">
										<addr>
											<country>CA</country>
										</addr>
										<controlActReferenceId root="2.16.840.1.113883.3.40.1.12" extension="10"/>
										<validTime xsi:type="IVL_TS">
											<low value="20081120170528"/>
										</validTime>
									</birthplace>
								</healthCarePrincipalPerson>
								<representedOrganization determinerCode="INSTANCE" classCode="ORG">
									<territorialAuthority classCode="TERR">
										<code code="Province"/>
										<territory determinerCode="INSTANCE" classCode="PLC">
											<code code="BC"/>
										</territory>
									</territorialAuthority>
								</representedOrganization>
								<subjectOf2 typeCode="SBJ">
									<roleActivation moodCode="EVN" classCode="CACT">
										<reasonCode/>
										<subjectOf typeCode="SUBJ">
											<controlActEvent moodCode="EVN" classCode="CACT">
												<id root="2.16.840.1.113883.3.40.1.13" extension="1"/>
												<reasonCode/>
												<custodian typeCode="CST">
													<assignedEntity classCode="ASSIGNED">
														<id root="2.16.840.1.113883.3.40.1.16" extension="RNA"/>
													</assignedEntity>
												</custodian>
											</controlActEvent>
										</subjectOf>
									</roleActivation>
								</subjectOf2>
								<subjectOf2 typeCode="SBJ">
									<roleActivation moodCode="EVN" classCode="CACT">
										<reasonCode/>
										<subjectOf typeCode="SUBJ">
											<controlActEvent moodCode="EVN" classCode="CACT">
												<id root="2.16.840.1.113883.3.40.1.13" extension="2"/>
												<reasonCode code="CHG"/>
												<custodian typeCode="CST">
													<assignedEntity classCode="ASSIGNED">
														<id root="2.16.840.1.113883.3.40.1.16" extension="RNA"/>
													</assignedEntity>
												</custodian>
											</controlActEvent>
										</subjectOf>
									</roleActivation>
								</subjectOf2>
								<subjectOf2 typeCode="SBJ">
									<roleActivation moodCode="EVN" classCode="CACT">
										<reasonCode code="PRAC"/>
										<subjectOf typeCode="SUBJ">
											<controlActEvent moodCode="EVN" classCode="CACT">
												<id root="2.16.840.1.113883.3.40.1.13" extension="6"/>
												<reasonCode code="CHG"/>
												<custodian typeCode="CST">
													<assignedEntity classCode="ASSIGNED">
														<id root="2.16.840.1.113883.3.40.1.16" extension="RNA"/>
													</assignedEntity>
												</custodian>
											</controlActEvent>
										</subjectOf>
									</roleActivation>
								</subjectOf2>
								<subjectOf2 typeCode="SBJ">
									<roleActivation moodCode="EVN" classCode="CACT">
										<reasonCode/>
										<subjectOf typeCode="SUBJ">
											<controlActEvent moodCode="EVN" classCode="CACT">
												<id root="2.16.840.1.113883.3.40.1.13" extension="7"/>
												<reasonCode code="CHG"/>
												<custodian typeCode="CST">
													<assignedEntity classCode="ASSIGNED">
														<id root="2.16.840.1.113883.3.40.1.16" extension="RNA"/>
													</assignedEntity>
												</custodian>
											</controlActEvent>
										</subjectOf>
									</roleActivation>
								</subjectOf2>
								<subjectOf2 typeCode="SBJ">
									<roleActivation moodCode="EVN" classCode="CACT">
										<reasonCode/>
										<subjectOf typeCode="SUBJ">
											<controlActEvent moodCode="EVN" classCode="CACT">
												<id root="2.16.840.1.113883.3.40.1.13" extension="8"/>
												<reasonCode code="CHG"/>
												<custodian typeCode="CST">
													<assignedEntity classCode="ASSIGNED">
														<id root="2.16.840.1.113883.3.40.1.16" extension="RNA"/>
													</assignedEntity>
												</custodian>
											</controlActEvent>
										</subjectOf>
									</roleActivation>
								</subjectOf2>
								<subjectOf2 typeCode="SBJ">
									<roleActivation moodCode="EVN" classCode="CACT">
										<reasonCode/>
										<subjectOf typeCode="SUBJ">
											<controlActEvent moodCode="EVN" classCode="CACT">
												<id root="2.16.840.1.113883.3.40.1.13" extension="9"/>
												<reasonCode code="CHG"/>
												<custodian typeCode="CST">
													<assignedEntity classCode="ASSIGNED">
														<id root="2.16.840.1.113883.3.40.1.16" extension="RNA"/>
													</assignedEntity>
												</custodian>
											</controlActEvent>
										</subjectOf>
									</roleActivation>
								</subjectOf2>
								<subjectOf2 typeCode="SBJ">
									<roleActivation moodCode="EVN" classCode="CACT">
										<reasonCode/>
										<subjectOf typeCode="SUBJ">
											<controlActEvent moodCode="EVN" classCode="CACT">
												<id root="2.16.840.1.113883.3.40.1.13" extension="10"/>
												<reasonCode code="CHG"/>
												<custodian typeCode="CST">
													<assignedEntity classCode="ASSIGNED">
														<id root="2.16.840.1.113883.3.40.1.16" extension="RNA"/>
													</assignedEntity>
												</custodian>
											</controlActEvent>
										</subjectOf>
									</roleActivation>
								</subjectOf2>
							</healthCareProvider>
						</subject1>
					</registrationEvent>
				</subject>
			</controlActProcess>
		</PRPM_IN303010>
