<?xml version="1.0" encoding="UTF-8"?>
<PRPM_IN303010 xmlns="urn:hl7-org:v3" xmlns:mif="urn:hl7-org:v3/mif" xmlns:xsi="http://www.w3.org/2001/XMLSchema-instance" xsi:schemaLocation="urn:hl7-org:v3 C:\Users\Conrad.Gustafson.CA257_MOH\Documents\PLR\HL7BatchJaxb\hl7v3_4.0.4\PRPM_IN303010.xsd">
    <id root="2.16.840.1.113883.3.40.1.5" extension="123343"/>
    <creationTime value="$MESSAGEDTM"/>
    <versionCode code="V3PR2"/>
    <interactionId root="2.16.840.1.113883.3.40.1.15" extension="$UNIQUEMESSAGECHID"/>
    <processingCode code="P"/>
    <processingModeCode code="T"/>
    <responseModeCode code="I"/>
    <acceptAckCode code="ER"/>
    <receiver typeCode="RCV">
        <telecom value="$RECEIVINGNETWORKADDRESSCHID"/>
        <device classCode="DEV" determinerCode="INSTANCE">
            <id root="2.16.840.1.113883.3.40.1.14" extension="$ENVIRONMENTCODE"/>
            <id root="2.16.840.1.113883.3.40.5.2" extension="$SENDINGFACILITYCHID"/>
            <name>$RECEIVINGAPPLICATIONCHID</name>
            <agencyFor classCode="AGNT">
                <representedOrganization classCode="ORG" determinerCode="INSTANCE">
                    <id root="2.16.840.1.113883.3.40.4.1" extension="$RECEIVINGORGANISATIONCHID"/>
                </representedOrganization>
            </agencyFor>
        </device>
    </receiver>
    <sender typeCode="SND">
        <telecom value="$SENDINGNETWORKADDRESSCHID"/>
        <device classCode="DEV" determinerCode="INSTANCE">
            <id root="2.16.840.1.113883.3.40.1.14" extension="$SENDINGENVIRONMENTCODE"/>
            <id root="2.16.840.1.113883.3.40.5.2" extension="BC010000096"/>
            <name>$SENDINGAPPLICATIONCHID</name>
            <agencyFor classCode="AGNT">
                <representedOrganization classCode="ORG" determinerCode="INSTANCE">
                    <id root="2.16.840.1.113883.3.40.4.2" extension="$SENDINGORGANISATIONCHID"/>
                    <name>BC</name>
                </representedOrganization>
            </agencyFor>
        </device>
    </sender>
    <controlActProcess moodCode="EVN">
        <effectiveTime nullFlavor="UNK"/>
        <priorityCode code="R"/>
        <authorOrPerformer typeCode="PRF">
            <assignedPerson classCode="ASSIGNED">
                <id root="2.16.840.1.113883.3.40.6.2" extension="$SOURCEUSERID"/>
                <representedOrganization classCode="ORG" determinerCode="INSTANCE">
                    <id/>
                    <name>$SENDINGJURISDICTIONCODE</name>
                </representedOrganization>
            </assignedPerson>
        </authorOrPerformer>
        <authorOrPerformer typeCode="AUT">
            <assignedPerson classCode="ASSIGNED">
                <id root="2.16.840.1.113883.3.40.6.1" extension="$RESPONSIBLEUSERCHID"/>
                <representedOrganization classCode="ORG" determinerCode="INSTANCE">
                    <id/>
                    <name>BC</name>
                </representedOrganization>
            </assignedPerson>
        </authorOrPerformer>
        <informationRecipient typeCode="PRCP">
            <assignedPerson classCode="ASSIGNED">
                <representedOrganization classCode="ORG" determinerCode="INSTANCE">
                    <id/>
                    <name>BC</name>
                </representedOrganization>
            </assignedPerson>
        </informationRecipient>
        <reasonOf typeCode="RSON">
            <justifiedDetectedIssueEvent classCode="ALRT" moodCode="EVN">
                <code/>
                <mitigatedBy typeCode="MITGT">
                    <mitigatingDetectedIssueManagement moodCode="EVN">
                        <code code="OVRD"/>
                    </mitigatingDetectedIssueManagement>
                </mitigatedBy>
            </justifiedDetectedIssueEvent>
        </reasonOf>
        <subject typeCode="SUBJ">
            <registrationEvent classCode="REG" moodCode="EVN">
                <id/>
                <statusCode/>
                <author typeCode="AUT">
                    <assignedEntity classCode="ASSIGNED">
                        <id root="2.16.840.1.113883.3.40.3.3" extension="$SENDINGUSERCHID"/>
                    </assignedEntity>
                </author>
                <custodian typeCode="CST">
                    <assignedEntity classCode="ASSIGNED">
                        <id/>
                    </assignedEntity>
                </custodian>
                <subject1 typeCode="SBJ">
                    <healthCareProvider classCode="PROV">
                        <id root="2.16.840.1.113883.3.40.2.19" extension="$IDENTIFIER_PROVIDERCHID" updateMode="C">
                            <controlActReferenceId root="2.16.840.1.113883.3.40.1.12" extension="1"/>
                            <validTime xsi:type="IVL_TS">
                                <low value="$IDENTIFIER_EFFECTIVESTARTDATE"/>
                                <high value="$IDENTIFIER_EFFECTIVEENDDATE"/>
                            </validTime>
                        </id>
                        <id root="2.16.840.1.113883.3.40.2.3" extension="$REGISTRYIDENTIFIER_PROVIDERCHID" updateMode="C">
                            <controlActReferenceId root="2.16.840.1.113883.3.40.1.12" extension="1"/>
                            <validTime xsi:type="IVL_TS">
                                <low value="$REGISTRYIDENTIFIER_PROVIDERCHIDIDENTIFIER_EFFECTIVESTARTDATE"/>
                                <high value="$REGISTRYIDENTIFIER_PROVIDERCHIDIDENTIFIER_EFFECTIVEENDDATE"/>
                            </validTime>
                        </id>
                        <code codeSystemName="WHICProviderType" code="$PROVIDER_HPTCODE"/>
                        <addr use="PST WP" updateMode="C">
                            <city>$ADDRESS_CITYTXT</city>
                            <country>$ADDRESS_COUNTRYCODE</country>
                            <postalCode>$ADDRESS_POSTALCODEORZIPTXT</postalCode>
                            <state>$ADDRESS_PROVINCEORSTATETXT</state>
                            <streetAddressLine>$ADDRESS_ADDRESSLINE1TXT</streetAddressLine>
                            <streetAddressLine>$ADDRESS_ADDRESSLINE2TXT</streetAddressLine>
                            <streetAddressLine>$ADDRESS_ADDRESSLINE3TXT</streetAddressLine>
                            <streetAddressLine>$ADDRESS_ADDRESSLINE4TXT</streetAddressLine>
                            <controlActReferenceId root="2.16.840.1.113883.3.40.1.12" extension="2"/>
                            <validTime xsi:type="IVL_TS">
                                <low value="$ADDRESS_EFFECTIVESTARTDATE"/>
                                <high value="$ADDRESS_EFFECTIVEENDDATE"/>
                            </validTime>
                        </addr>
                        <telecom use="WP" value="tel:$PHONE_AREACODENUM$PHONE_TELECOMMUNICATIONNMBRNUM" updateMode="C">		
                            <controlActReferenceId root="2.16.840.1.113883.3.40.1.12" extension="12"/>
                            <validTime xsi:type="IVL_TS">
                                <low value="$PHONE_EFFECTIVESTARTDATE"/>
                                <high value="$PHONE_EFFECTIVEENDDATE"/>
                            </validTime>	
                        </telecom>	
                        <telecom use="MNC" value="mailto:$EMAIL_ELECTRONICADDRESSTXT" updateMode="C">		
                            <controlActReferenceId root="2.16.840.1.113883.3.40.1.12" extension="12"/>
                            <validTime xsi:type="IVL_TS">
                                <low value="$EMAIL_EFFECTIVESTARTDATE"/>
                                <high value="$EMAIL_EFFECTIVEENDDATE"/>
                            </validTime>	
                        </telecom>	
                        <statusCode updateMode="C" code="$STATUS_STATUSTYPECODE">
                            <controlActReferenceId root="2.16.840.1.113883.3.40.1.12" extension="6"/>
                            <validTime xsi:type="IVL_TS">
                                <low value="$STATUS_EFFECTIVESTARTDATE"/>
                                <high value="$STATUS_EFFECTIVEENDDATE"/>
                            </validTime>
                        </statusCode>
                        <healthCarePrincipalPerson determinerCode="INSTANCE" classCode="PSN">
                            <name use="L" updateMode="C">
                                <family>$NAME_PRSNSURNAMETXT</family>
                                <given>$NAME_PRSNFIRSTGIVENNAMETXT</given>
                                <given>$NAME_PRSNSECONDGIVENNAMETXT</given>
                                <given>$NAME_PRSNTHIRDGIVENNAMETXT</given>
                                <prefix>$NAME_PRSNPREFIXTXT</prefix>
                                <suffix>$NAME_PRSNSUFFIXTXT</suffix>
                                <validTime xsi:type="IVL_TS">
                                    <low value="$NAME_EFFECTIVESTARTDATE"/>
                                    <high value="$NAME_EFFECTIVEENDDATE"/>
                                </validTime>
                                <controlActReferenceId root="2.16.840.1.113883.3.40.1.12" extension="7"/>
                            </name>
                            <administrativeGenderCode updateMode="C" code="$DEMOGRAPHICS_GENDERCODE">
                                <controlActReferenceId root="2.16.840.1.113883.3.40.1.12" extension="8"/>
                                <validTime xsi:type="IVL_TS">
                                    <low value="20081120170528"/>
                                </validTime>
                            </administrativeGenderCode>
                            <birthTime updateMode="C" value="$DEMOGRAPHICS_DATEOFBIRTHDATE">
                                <controlActReferenceId root="2.16.840.1.113883.3.40.1.12" extension="9"/>
                                <validTime xsi:type="IVL_TS">
                                    <low value="20081120170528"/>
                                </validTime>
                            </birthTime>
                            <deceasedTime updateMode="C" value="$DEMOGRAPHICS_DATEOFDEATHDATE">
                                <controlActReferenceId root="2.16.840.1.113883.3.40.1.12" extension="9"/>
                                <validTime xsi:type="IVL_TS">
                                    <low value="20081120170528"/>
                                </validTime>
                            </deceasedTime>
                            <birthplace updateMode="C" classCode="BIRTHPL">
                                <addr>
                                    <country>$DEMOGRAPHICS_COUNTRYOFBIRTHCODE</country>
                                    <state>$DEMOGRAPHICS_PROVORSTATEOFBIRTHTXT</state>
                                </addr>
                                <controlActReferenceId root="2.16.840.1.113883.3.40.1.12" extension="10"/>
                                <validTime xsi:type="IVL_TS">
                                    <low value="20081120170528"/>
                                </validTime>
                            </birthplace>
                        </healthCarePrincipalPerson>
                        <representedOrganization determinerCode="INSTANCE" classCode="ORG">
                            <territorialAuthority classCode="TERR">
                                <code code="Province"/>
                                <territory determinerCode="INSTANCE" classCode="PLC">
                                    <code code="$RECEIVINGJURISDICTIONCODE"/>
                                </territory>
                            </territorialAuthority>
                        </representedOrganization>
                        <subjectOf2 typeCode="SBJ">
                            <roleActivation moodCode="EVN" classCode="CACT">
                                <reasonCode/>
                                <subjectOf typeCode="SUBJ">
                                    <controlActEvent moodCode="EVN" classCode="CACT">
                                        <id root="2.16.840.1.113883.3.40.1.13" extension="1"/>
                                        <reasonCode code="$IDENTIFIER_ENDREASONCODE"/>
                                        <custodian typeCode="CST">
                                            <assignedEntity classCode="ASSIGNED">
                                                <id root="2.16.840.1.113883.3.40.1.16" extension="$IDENTIFIER_DATAOWNERCODE"/>
                                            </assignedEntity>
                                        </custodian>
                                    </controlActEvent>
                                </subjectOf>
                            </roleActivation>
                        </subjectOf2>
                        <subjectOf2 typeCode="SBJ">
                            <roleActivation moodCode="EVN" classCode="CACT">
                                <reasonCode/>
                                <subjectOf typeCode="SUBJ">
                                    <controlActEvent moodCode="EVN" classCode="CACT">
                                        <id root="2.16.840.1.113883.3.40.1.13" extension="2"/>
                                        <reasonCode code="$ADDRESS_ENDREASONCODE"/>
                                        <custodian typeCode="CST">
                                            <assignedEntity classCode="ASSIGNED">
                                                <id root="2.16.840.1.113883.3.40.1.16" extension="$ADDRESS_DATAOWNERCODE"/>
                                            </assignedEntity>
                                        </custodian>
                                    </controlActEvent>
                                </subjectOf>
                            </roleActivation>
                        </subjectOf2>
                        <subjectOf2 typeCode="SBJ">
                            <roleActivation moodCode="EVN" classCode="CACT">
                                <reasonCode code="$STATUS_STATUSREASONCODE"/>
                                <subjectOf typeCode="SUBJ">
                                    <controlActEvent moodCode="EVN" classCode="CACT">
                                        <id root="2.16.840.1.113883.3.40.1.13" extension="6"/>
                                        <reasonCode code="CHG"/>
                                        <custodian typeCode="CST">
                                            <assignedEntity classCode="ASSIGNED">
                                                <id root="2.16.840.1.113883.3.40.1.16" extension="$STATUS_DATAOWNERCODE"/>
                                            </assignedEntity>
                                        </custodian>
                                    </controlActEvent>
                                </subjectOf>
                            </roleActivation>
                        </subjectOf2>
                        <subjectOf2 typeCode="SBJ">
                            <roleActivation moodCode="EVN" classCode="CACT">
                                <reasonCode/>
                                <subjectOf typeCode="SUBJ">
                                    <controlActEvent moodCode="EVN" classCode="CACT">
                                        <id root="2.16.840.1.113883.3.40.1.13" extension="7"/>
                                        <reasonCode code="$NAME_ENDREASONCODE"/>
                                        <custodian typeCode="CST">
                                            <assignedEntity classCode="ASSIGNED">
                                                <id root="2.16.840.1.113883.3.40.1.16" extension="$NAME_DATAOWNERCODE"/>
                                            </assignedEntity>
                                        </custodian>
                                    </controlActEvent>
                                </subjectOf>
                            </roleActivation>
                        </subjectOf2>
                        <subjectOf2 typeCode="SBJ">
                            <roleActivation moodCode="EVN" classCode="CACT">
                                <reasonCode/>
                                <subjectOf typeCode="SUBJ">
                                    <controlActEvent moodCode="EVN" classCode="CACT">
                                        <id root="2.16.840.1.113883.3.40.1.13" extension="8"/>
                                        <reasonCode code="CHG"/>
                                        <custodian typeCode="CST">
                                            <assignedEntity classCode="ASSIGNED">
                                                <id root="2.16.840.1.113883.3.40.1.16" extension="RNA"/>
                                            </assignedEntity>
                                        </custodian>
                                    </controlActEvent>
                                </subjectOf>
                            </roleActivation>
                        </subjectOf2>
                        <subjectOf2 typeCode="SBJ">
                            <roleActivation moodCode="EVN" classCode="CACT">
                                <reasonCode/>
                                <subjectOf typeCode="SUBJ">
                                    <controlActEvent moodCode="EVN" classCode="CACT">
                                        <id root="2.16.840.1.113883.3.40.1.13" extension="9"/>
                                        <reasonCode code="CHG"/>
                                        <custodian typeCode="CST">
                                            <assignedEntity classCode="ASSIGNED">
                                                <id root="2.16.840.1.113883.3.40.1.16" extension="RNA"/>
                                            </assignedEntity>
                                        </custodian>
                                    </controlActEvent>
                                </subjectOf>
                            </roleActivation>
                        </subjectOf2>
                        <subjectOf2 typeCode="SBJ">
                            <roleActivation moodCode="EVN" classCode="CACT">
                                <reasonCode/>
                                <subjectOf typeCode="SUBJ">
                                    <controlActEvent moodCode="EVN" classCode="CACT">
                                        <id root="2.16.840.1.113883.3.40.1.13" extension="10"/>
                                        <reasonCode code="CHG"/>
                                        <custodian typeCode="CST">
                                            <assignedEntity classCode="ASSIGNED">
                                                <id root="2.16.840.1.113883.3.40.1.16" extension="RNA"/>
                                            </assignedEntity>
                                        </custodian>
                                    </controlActEvent>
                                </subjectOf>
                            </roleActivation>
                        </subjectOf2>
                        <subjectOf2 typeCode="SBJ">
                            <roleActivation moodCode="EVN" classCode="CACT">
                                <reasonCode/>
                                <subjectOf typeCode="SUBJ">
                                    <controlActEvent moodCode="EVN" classCode="CACT">
                                        <id root="2.16.840.1.113883.3.40.1.13" extension="11"/>
                                        <reasonCode code="$REGISTRYIDENTIFIER_ENDREASONCODE"/>
                                        <custodian typeCode="CST">
                                            <assignedEntity classCode="ASSIGNED">
                                                <id root="2.16.840.1.113883.3.40.1.16" extension="$REGISTRYIDENTIFIER_DATAOWNERCODE"/>
                                            </assignedEntity>
                                        </custodian>
                                    </controlActEvent>
                                </subjectOf>
                            </roleActivation>
                        </subjectOf2>
                        <subjectOf2 typeCode="SBJ">						
                            <roleActivation moodCode="EVN" classCode="CACT">					
                                <reasonCode/>				
                                <subjectOf typeCode="SUBJ">				
                                    <controlActEvent moodCode="EVN" classCode="CACT">			
                                        <id root="2.16.840.1.113883.3.40.1.13" extension="12"/>		
                                        <reasonCode code="$PHONE_ENDREASONCODE">		
                                            <custodian typeCode="CST">		
                                                <assignedEntity classCode="ASSIGNED">	
                                                    <id root="2.16.840.1.113883.3.40.1.16" extension="$PHONE_DATAOWNERCODE"/>
                                                </assignedEntity>	
                                            </custodian>		
                                    </controlActEvent>			
                                </subjectOf>				
                            </roleActivation>					
                        </subjectOf2>
                        <subjectOf2 typeCode="SBJ">
                            <roleActivation moodCode="EVN" classCode="CACT">
                                <reasonCode/>
                                <subjectOf typeCode="SUBJ">
                                    <controlActEvent moodCode="EVN" classCode="CACT">
                                        <id root="2.16.840.1.113883.3.40.1.13" extension="13"/>
                                        <reasonCode code="$DEMOGRAPHICS_ENDREASONCODE"/>
                                        <custodian typeCode="CST">
                                            <assignedEntity classCode="ASSIGNED">
                                                <id root="2.16.840.1.113883.3.40.1.16" extension="$DEMOGRAPHICS_DATAOWNERCODE"/>
                                            </assignedEntity>
                                        </custodian>
                                    </controlActEvent>
                                </subjectOf>
                            </roleActivation>
                        </subjectOf2>
                        <subjectOf2 typeCode="SBJ">
                            <roleActivation moodCode="EVN" classCode="CACT">
                                <reasonCode code="$CREDENTIAL_ENDREASONCODE">
                                    <subjectOf typeCode="SUBJ">
                                        <controlActEvent moodCode="EVN" classCode="CACT">
                                            <id root="2.16.840.1.113883.3.40.1.13" extension="14"/>
                                            <custodian typeCode="CST">
                                                <assignedEntity classCode="ASSIGNED">
                                                    <id root="2.16.840.1.113883.3.40.1.16" extension="$CREDENTIAL_DATAOWNERCODE"/>
                                                    <subjectOf typeCode="SBJ">
                                                        <observationEvent moodCode="EVN" classCode="OBS">
                                                            <code code="RegistryUserAccount"/>
                                                            <value xsi:type="ST">SRA@00000000</value>
                                                        </observationEvent>
                                                    </subjectOf>
                                                    <subjectOf typeCode="SBJ">
                                                        <observationEvent moodCode="EVN" classCode="OBS">
                                                            <code code="DBCreatedDate"/>
                                                            <value xsi:type="TS" value="20040730085919"/>
                                                        </observationEvent>
                                                    </subjectOf>
                                                    <subjectOf typeCode="SBJ">
                                                        <observationEvent moodCode="EVN" classCode="OBS">
                                                            <code code="AdditionalInformation"/>
                                                            <value xsi:type="ST">Additional addressee information</value>
                                                        </observationEvent>
                                                    </subjectOf>
                                                </assignedEntity>
                                            </custodian>
                                        </controlActEvent>
                                    </subjectOf>
                            </roleActivation>
                        </subjectOf2>                        
                        <subjectOf2 typeCode="SBJ">
                            <roleActivation moodCode="EVN" classCode="CACT">
                                <reasonCode code="$EXPERTISE_ENDREASONCODE">
                                    <subjectOf typeCode="SUBJ">
                                        <controlActEvent moodCode="EVN" classCode="CACT">
                                            <id root="2.16.840.1.113883.3.40.1.13" extension="15"/>
                                            <custodian typeCode="CST">
                                                <assignedEntity classCode="ASSIGNED">
                                                    <id root="2.16.840.1.113883.3.40.1.16" extension="$EXPERTISE_DATAOWNERCODE"/>
                                                    <subjectOf typeCode="SBJ">
                                                        <observationEvent moodCode="EVN" classCode="OBS">
                                                            <code code="RegistryUserAccount"/>
                                                            <value xsi:type="ST">SRA@00000000</value>
                                                        </observationEvent>
                                                    </subjectOf>
                                                    <subjectOf typeCode="SBJ">
                                                        <observationEvent moodCode="EVN" classCode="OBS">
                                                            <code code="DBCreatedDate"/>
                                                            <value xsi:type="TS" value="20040730085919"/>
                                                        </observationEvent>
                                                    </subjectOf>
                                                    <subjectOf typeCode="SBJ">
                                                        <observationEvent moodCode="EVN" classCode="OBS">
                                                            <code code="AdditionalInformation"/>
                                                            <value xsi:type="ST">Additional addressee information</value>
                                                        </observationEvent>
                                                    </subjectOf>
                                                </assignedEntity>
                                            </custodian>
                                        </controlActEvent>
                                    </subjectOf>
                            </roleActivation>
                        </subjectOf2>    
                        <subjectOf2 typeCode="SBJ">
                            <roleActivation moodCode="EVN" classCode="CACT">
                                <reasonCode code="$CREDENTIAL_ENDREASONCODE"/>
                                <subjectOf typeCode="SUBJ">
                                    <controlActEvent moodCode="EVN" classCode="CACT">
                                        <id root="2.16.840.1.113883.3.40.1.13" extension="16"/>
                                        <custodian typeCode="CST">
                                            <assignedEntity classCode="ASSIGNED">
                                                <id root="2.16.840.1.113883.3.40.1.16" extension="$CREDENTIAL_DATAOWNERCODE"/>
                                                <subjectOf typeCode="SBJ">
                                                    <observationEvent moodCode="EVN" classCode="OBS">
                                                        <code code="RegistryUserAccount"/>
                                                        <value xsi:type="ST">SRA@00000000</value>
                                                    </observationEvent>
                                                </subjectOf>
                                                <subjectOf typeCode="SBJ">
                                                    <observationEvent moodCode="EVN" classCode="OBS">
                                                        <code code="DBCreatedDate"/>
                                                        <value xsi:type="TS" value="20040730085919"/>
                                                    </observationEvent>
                                                </subjectOf>
                                                <subjectOf typeCode="SBJ">
                                                    <observationEvent moodCode="EVN" classCode="OBS">
                                                        <code code="AdditionalInformation"/>
                                                        <value xsi:type="ST">Additional addressee information</value>
                                                    </observationEvent>
                                                </subjectOf>
                                            </assignedEntity>
                                        </custodian>
                                    </controlActEvent>
                                </subjectOf>
                            </roleActivation>
                        </subjectOf2>                                            
                        <subjectOf2 typeCode="SBJ">
                            <roleActivation moodCode="EVN" classCode="CACT">
                                <reasonCode code="$CONDITION_ENDREASONCODE"/>
                                <subjectOf typeCode="SUBJ">
                                    <controlActEvent moodCode="EVN" classCode="CACT">
                                        <id root="2.16.840.1.113883.3.40.1.13" extension="17"/>
                                        <custodian typeCode="CST">
                                            <assignedEntity classCode="ASSIGNED">
                                                <id root="2.16.840.1.113883.3.40.1.16" extension="$CONDITION_DATAOWNERCODE"/>
                                                <subjectOf typeCode="SBJ">
                                                    <observationEvent moodCode="EVN" classCode="OBS">
                                                        <code code="RegistryUserAccount"/>
                                                        <value xsi:type="ST">SRA@00000000</value>
                                                    </observationEvent>
                                                </subjectOf>
                                                <subjectOf typeCode="SBJ">
                                                    <observationEvent moodCode="EVN" classCode="OBS">
                                                        <code code="DBCreatedDate"/>
                                                        <value xsi:type="TS" value="20040730085919"/>
                                                    </observationEvent>
                                                </subjectOf>
                                                <subjectOf typeCode="SBJ">
                                                    <observationEvent moodCode="EVN" classCode="OBS">
                                                        <code code="AdditionalInformation"/>
                                                        <value xsi:type="ST">Additional addressee information</value>
                                                    </observationEvent>
                                                </subjectOf>
                                            </assignedEntity>
                                        </custodian>
                                    </controlActEvent>
                                </subjectOf>
                            </roleActivation>
                        </subjectOf2>                                            
                        <subjectOf2 typeCode="SBJ">
                            <roleActivation moodCode="EVN" classCode="CACT">
                                <reasonCode code="$INFORMATIONROUTE_ENDREASONCODE"/>
                                <subjectOf typeCode="SUBJ">
                                    <controlActEvent moodCode="EVN" classCode="CACT">
                                        <id root="2.16.840.1.113883.3.40.1.13" extension="18"/>
                                        <custodian typeCode="CST">
                                            <assignedEntity classCode="ASSIGNED">
                                                <id root="2.16.840.1.113883.3.40.1.16" extension="$INFORMATIONROUTE_DATAOWNERCODE"/>
                                                <subjectOf typeCode="SBJ">
                                                    <observationEvent moodCode="EVN" classCode="OBS">
                                                        <code code="RegistryUserAccount"/>
                                                        <value xsi:type="ST">SRA@00000000</value>
                                                    </observationEvent>
                                                </subjectOf>
                                                <subjectOf typeCode="SBJ">
                                                    <observationEvent moodCode="EVN" classCode="OBS">
                                                        <code code="DBCreatedDate"/>
                                                        <value xsi:type="TS" value="20040730085919"/>
                                                    </observationEvent>
                                                </subjectOf>
                                                <subjectOf typeCode="SBJ">
                                                    <observationEvent moodCode="EVN" classCode="OBS">
                                                        <code code="AdditionalInformation"/>
                                                        <value xsi:type="ST">Additional addressee information</value>
                                                    </observationEvent>
                                                </subjectOf>
                                            </assignedEntity>
                                        </custodian>
                                    </controlActEvent>
                                </subjectOf>
                            </roleActivation>
                        </subjectOf2>                                            
                        
                        <!-- credential -->
                        <relatedTo typeCode="REL" updateMode="C" >
                            <qualifiedEntity classCode="QUAL">
                                <id root="2.16.840.1.113883.3.40.1.2" extension="$CREDENTIAL_REGISTRATIONNUMBERTXT"/>
                                <code code="$CREDENTIAL_PROVIDERCREDENTIALTYPECODE">
                                    <originalText>
                                        <reference value="$CREDENTIAL_CREDENTIALDESIGNATIONTXT"/>
                                    </originalText>
                                    <qualifier>
                                        <value code="$CREDENTIAL_YEARCREDENTIALISSUEDTXT"/>
                                    </qualifier>
                                </code>
                                <effectiveTime>
                                    <low value="$CREDENTIAL_EFFECTIVESTARTDATE"/>
                                    <high value="$CREDENTIAL_EFFECTIVEENDDATE" />
                                </effectiveTime>
                                <qualificationGrantingOrganization determinerCode="INSTANCE" classCode="ORG">
                                    <name>$CREDENTIAL_CREDENTIALGRANTINGINSTTXT</name>
                                    <addr>
                                        <city>$CREDENTIAL_INSTITUTIONCITYTXT</city>
                                        <state>$CREDENTIAL_INSTITUTIONPROVINCECODE</state>
                                        <country>$CREDENTIAL_INSTITUTIONCOUNTRYCODE<country>
                                    </addr>
                                </qualificationGrantingOrganization>
                                <subjectOf2 typeCode="SBJ">
                                    <roleActivation classCode="CACT" moodCode="EVN">
                                        <text>$CREDENTIAL_EQUIVALENCYFLAG</text>
                                        <reasonCode code=""/>
                                    </roleActivation>
                                </subjectOf2>
                            </qualifiedEntity>
                            <controlActReferenceId root="2.16.840.1.113883.3.40.1.12" extension="14"/>
                            <validTime xsi:type="IVL_TS">
                                <low value="20040101000000"/>
                            </validTime>
                        </relatedTo>
                        
                    </healthCareProvider>
                </subject1>
            </registrationEvent>
            
            <!-- expertise -->
            <relatedTo typeCode="REL" updateMode="C" >
                <qualifiedEntity classCode="QUAL">
                    <code code="$EXPERTISE_PROVIDEREXPERTISETYPECODE">
                        <originalText>$EXPERTISE_ORIGINALSOURCEPROVIDERCODE</originalText>
                    </code>
                    <effectiveTime>
                        <low value="$EXPERTISE_EFFECTIVESTARTDATE"/>
                        <high value="$EXPERTISE_EFFECTIVEENDDATE"/>
                    </effectiveTime>
                </qualifiedEntity>
                <controlActReferenceId root="2.16.840.1.113883.3.40.1.12" extension="15"/>
                <validTime xsi:type="IVL_TS">
                    <low value="20040101000000"/>
                </validTime>
            </relatedTo>
            
            <!-- credential -->
            <relatedTo typeCode="REL" updateMode="C">
                <qualifiedEntity classCode="QUAL">
                    <id root="2.16.840.1.113883.3.40.1.2" extension="$CREDENTIAL_REGISTRATIONNUMBERTXT"/>
                    <code code="$CREDENTIAL_PROVIDERCREDENTIALTYPECODE">
                        <originalText>
                            <reference value="$CREDENTIAL_CREDENTIALDESIGNATIONTXT"/>
                        </originalText>
                        <qualifier>
                            <value code="true"/>
                        </qualifier>
                    </code>
                    <effectiveTime>
                        <low value="$CREDENTIAL_EFFECTIVESTARTDATE"/>
                        <high value="$CREDENTIAL_EFFECTIVEENDDATE"/>
                    </effectiveTime>
                    <qualificationGrantingOrganization determinerCode="INSTANCE" classCode="ORG">
                        <name>$CREDENTIAL_CREDENTIALGRANTINGINSTTXT</name>
                        <addr>
                            <city>$CREDENTIAL_INSTITUTIONCITYTXT</city>
                            <state>$CREDENTIAL_INSTITUTIONPROVINCECODE</state>
                            <country>$CREDENTIAL_INSTITUTIONCOUNTRYCODE</country>
                        </addr>
                    </qualificationGrantingOrganization>
                    <subjectOf2 typeCode="SBJ">
                        <roleActivation classCode="CACT" moodCode="EVN">
                            <text>$CREDENTIAL_YEARCREDENTIALISSUEDTXT</text>
                            <reasonCode code=""/>
                        </roleActivation>
                    </subjectOf2>
                </qualifiedEntity>
                <controlActReferenceId root="2.16.840.1.113883.3.40.1.12" extension="16"/>
                <validTime xsi:type="IVL_TS">
                    <low value="20040101000000"/>
                    <high value="20040101000000"/>
                </validTime>
            </relatedTo>
            
            <!-- condition -->
            <responsibleFor typeCode="RESP" updateMode="C">
                <privilege moodCode="DEF" classCode="ACT">
                    <id root="2.16.840.1.113883.3.40.1.1" extension="$CONDITION_CONDITIONCHID"/>
                    <effectiveTime>
                        <effectiveTime>
                            <low value="$CONDITION_EFFECTIVESTARTDATE"/>
                            <high value="$CONDITION_EFFECTIVEENDDATE"/>
                        </effectiveTime>
                    </effectiveTime>
                    <confidentialityCode code="R">
                        <originalText>$CONDITION_RESTRICTIONEXPLANATIONTXT</originalText>
                    </confidentialityCode>
                    <subjectOf typeCode="SUBJ">
                        <privilegeCategorization moodCode="EVN" classCode="OBS">
                            <code code="PrivilegeCategorization"/>
                            <value code="$CONDITION_CONDITIONTYPECODE"/>
                        </privilegeCategorization>
                    </subjectOf>
                </privilege>
                <controlActReferenceId root="2.16.840.1.113883.3.40.1.12" extension="17"/>
                <validTime xsi:type="IVL_TS">
                    <low value="20040101000000"/>
                </validTime>
            </responsibleFor>
            
            <!-- information route with no relations to any work location -->
            <relatedTo typeCode="REL" updateMode="C">
                <assignedEntity classCode="ASSIGNED">
                    <performance typeCode="PPRF">
                        <actDefinitionOrEvent moodCode="DEF" classCode="ACT">
                            <sequel typeCode="SEQL">
                                <informRequest moodCode="RQO" classCode="INFRM">
                                    <code code="XRAY"/>
                                    <subject typeCode="SBJ">
                                        <modeCode code="COURIER"/>
                                        <serviceDeliveryLocation classCode="SDLC">
                                            <code/>
                                            <effectiveTime/>
                                        </serviceDeliveryLocation>
                                    </subject>
                                    <indirectTarget typeCode="IND">
                                        <healthCareProvider classCode="PROV">
                                            <id root="2.16.840.1.113883.3.40.2.1" extension="007"/>
                                            <code code="MD"/>
                                            <addr use="PHYS WP">
                                                <controlActReferenceId root="2.16.840.1.113883.3.40.1.12" extension="18"/>
                                                <validTime value="20010101000000"/>
                                            </addr>
                                            <effectiveTime>
                                                <low value="20010101000000"/>
                                                <high value="20060101000000"/>
                                            </effectiveTime>
                                        </healthCareProvider>
                                        <controlActReferenceId extension="4"/>
                                        <validTime value="20010101000000"/>
                                    </indirectTarget>
                                </informRequest>
                                <controlActReferenceId root="2.16.840.1.113883.3.40.1.12" extension="18"/>
                                <validTime value="20010101000000"/>
                            </sequel>
                        </actDefinitionOrEvent>
                    </performance>
                </assignedEntity>
            </relatedTo>            
        </subject>
    </controlActProcess>
</PRPM_IN303010>
